[userservice:192.168.31.96:9900] 2025-03-02 02:46:56.552 WARN 77133 [-] [main] c.a.nacos.client.logging.NacosLogging    Load Logback Configuration of Nacos fail, message: Could not initialize Logback Nacos logging from classpath:nacos-logback.xml
[userservice:192.168.31.96:9900] 2025-03-02 02:46:56.564 INFO 77133 [-] [background-preinit] o.h.validator.internal.util.Version      HV000001: Hibernate Validator 8.0.1.Final
[userservice:192.168.31.96:9900] 2025-03-02 02:46:56.606 WARN 77133 [-] [main] c.a.nacos.client.logging.NacosLogging    Load Logback Configuration of Nacos fail, message: Could not initialize Logback Nacos logging from classpath:nacos-logback.xml
[userservice:192.168.31.96:9900] 2025-03-02 02:46:56.749 INFO 77133 [-] [main] c.a.cloud.nacos.NacosConfigProperties    set nacos config namespace 'public' to ''
[userservice:192.168.31.96:9900] 2025-03-02 02:46:56.750 WARN 77133 [-] [main] c.a.nacos.client.logging.NacosLogging    Load Logback Configuration of Nacos fail, message: Could not initialize Logback Nacos logging from classpath:nacos-logback.xml
[userservice:192.168.31.96:9900] 2025-03-02 02:46:56.751 INFO 77133 [-] [main] c.alibaba.nacos.client.utils.ParamUtil   [settings] [req-serv] nacos-server port:8848
[userservice:192.168.31.96:9900] 2025-03-02 02:46:56.751 INFO 77133 [-] [main] c.alibaba.nacos.client.utils.ParamUtil   [settings] [http-client] connect timeout:1000
[userservice:192.168.31.96:9900] 2025-03-02 02:46:56.753 INFO 77133 [-] [main] c.alibaba.nacos.client.utils.ParamUtil   PER_TASK_CONFIG_SIZE: 3000.0
[userservice:192.168.31.96:9900] 2025-03-02 02:46:56.800 INFO 77133 [-] [main] c.a.n.p.a.s.c.ClientAuthPluginManager    [ClientAuthPluginManager] Load ClientAuthService com.alibaba.nacos.client.auth.impl.NacosClientAuthServiceImpl success.
[userservice:192.168.31.96:9900] 2025-03-02 02:46:56.800 INFO 77133 [-] [main] c.a.n.p.a.s.c.ClientAuthPluginManager    [ClientAuthPluginManager] Load ClientAuthService com.alibaba.nacos.client.auth.ram.RamClientAuthServiceImpl success.
[userservice:192.168.31.96:9900] 2025-03-02 02:46:56.832 INFO 77133 [-] [main] c.a.n.c.a.r.identify.CredentialWatcher   null No credential found
[userservice:192.168.31.96:9900] 2025-03-02 02:46:56.940 WARN 77133 [-] [main] c.a.nacos.client.logging.NacosLogging    Load Logback Configuration of Nacos fail, message: Could not initialize Logback Nacos logging from classpath:nacos-logback.xml
[userservice:192.168.31.96:9900] 2025-03-02 02:46:56.948 INFO 77133 [-] [main] c.a.n.c.c.impl.LocalConfigInfoProcessor  LOCAL_SNAPSHOT_PATH:/Users/paul/nacos/config
[userservice:192.168.31.96:9900] 2025-03-02 02:46:56.951 INFO 77133 [-] [main] com.alibaba.nacos.common.remote.client   [RpcClientFactory] create a new rpc client of 65f340bf-dcca-476c-84f9-16371455284c_config-0
[userservice:192.168.31.96:9900] 2025-03-02 02:46:56.960 INFO 77133 [-] [main] com.alibaba.nacos.common.remote.client   [65f340bf-dcca-476c-84f9-16371455284c_config-0] Register server push request handler:com.alibaba.nacos.client.config.impl.ClientWorker$ConfigRpcTransportClient$$Lambda/0x000000700143de98
[userservice:192.168.31.96:9900] 2025-03-02 02:46:56.961 INFO 77133 [-] [main] com.alibaba.nacos.common.remote.client   [65f340bf-dcca-476c-84f9-16371455284c_config-0] Register server push request handler:com.alibaba.nacos.client.config.impl.ClientWorker$ConfigRpcTransportClient$$Lambda/0x000000700143e2c8
[userservice:192.168.31.96:9900] 2025-03-02 02:46:56.961 INFO 77133 [-] [main] com.alibaba.nacos.common.remote.client   [65f340bf-dcca-476c-84f9-16371455284c_config-0] Registry connection listener to current client:com.alibaba.nacos.client.config.impl.ClientWorker$ConfigRpcTransportClient$1
[userservice:192.168.31.96:9900] 2025-03-02 02:46:56.961 INFO 77133 [-] [main] com.alibaba.nacos.common.remote.client   [65f340bf-dcca-476c-84f9-16371455284c_config-0] RpcClient init, ServerListFactory = com.alibaba.nacos.client.config.impl.ClientWorker$ConfigRpcTransportClient$2
[userservice:192.168.31.96:9900] 2025-03-02 02:46:56.965 INFO 77133 [-] [main] com.alibaba.nacos.common.remote.client   [65f340bf-dcca-476c-84f9-16371455284c_config-0] Try to connect to server on start up, server: {serverIp = '198.19.249.2', server main port = 30546}
[userservice:192.168.31.96:9900] 2025-03-02 02:46:56.989 INFO 77133 [-] [main] c.a.n.c.remote.client.grpc.GrpcClient    grpc client connection server:198.19.249.2 ip,serverPort:31546,grpcTslConfig:{"sslProvider":"OPENSSL","enableTls":false,"mutualAuthEnable":false,"trustAll":false}
[userservice:192.168.31.96:9900] 2025-03-02 02:46:57.580 INFO 77133 [-] [main] com.alibaba.nacos.common.remote.client   [65f340bf-dcca-476c-84f9-16371455284c_config-0] Success to connect to server [198.19.249.2:30546] on start up, connectionId = 1740854817384_192.168.194.1_53622
[userservice:192.168.31.96:9900] 2025-03-02 02:46:57.581 INFO 77133 [-] [main] com.alibaba.nacos.common.remote.client   [65f340bf-dcca-476c-84f9-16371455284c_config-0] Register server push request handler:com.alibaba.nacos.common.remote.client.RpcClient$ConnectResetRequestHandler
[userservice:192.168.31.96:9900] 2025-03-02 02:46:57.581 INFO 77133 [-] [com.alibaba.nacos.client.remote.worker] com.alibaba.nacos.common.remote.client   [65f340bf-dcca-476c-84f9-16371455284c_config-0] Notify connected event to listeners.
[userservice:192.168.31.96:9900] 2025-03-02 02:46:57.581 INFO 77133 [-] [com.alibaba.nacos.client.remote.worker] c.a.n.client.config.impl.ClientWorker    [65f340bf-dcca-476c-84f9-16371455284c_config-0] Connected,notify listen context...
[userservice:192.168.31.96:9900] 2025-03-02 02:46:57.581 INFO 77133 [-] [main] com.alibaba.nacos.common.remote.client   [65f340bf-dcca-476c-84f9-16371455284c_config-0] Register server push request handler:com.alibaba.nacos.common.remote.client.RpcClient$$Lambda/0x00000070015b6e20
[userservice:192.168.31.96:9900] 2025-03-02 02:46:57.609 INFO 77133 [-] [main] c.a.nacos.client.config.impl.Limiter     limitTime:5.0
[userservice:192.168.31.96:9900] 2025-03-02 02:46:57.635 WARN 77133 [-] [main] c.a.c.n.c.NacosPropertySourceBuilder     Ignore the empty nacos configuration and get it based on dataId[user-service] & group[DEFAULT_GROUP]
[userservice:192.168.31.96:9900] 2025-03-02 02:46:57.642 WARN 77133 [-] [main] c.a.c.n.c.NacosPropertySourceBuilder     Ignore the empty nacos configuration and get it based on dataId[user-service.yaml] & group[DEFAULT_GROUP]
[userservice:192.168.31.96:9900] 2025-03-02 02:46:57.648 WARN 77133 [-] [main] c.a.c.n.c.NacosPropertySourceBuilder     Ignore the empty nacos configuration and get it based on dataId[user-service-dev.yaml] & group[DEFAULT_GROUP]
[userservice:192.168.31.96:9900] 2025-03-02 02:46:57.649 INFO 77133 [-] [main] b.c.PropertySourceBootstrapConfiguration Located property source: [BootstrapPropertySource {name='bootstrapProperties-user-service-dev.yaml,DEFAULT_GROUP'}, BootstrapPropertySource {name='bootstrapProperties-user-service.yaml,DEFAULT_GROUP'}, BootstrapPropertySource {name='bootstrapProperties-user-service,DEFAULT_GROUP'}]
[userservice:192.168.31.96:9900] 2025-03-02 02:46:57.660 WARN 77133 [-] [main] c.a.nacos.client.logging.NacosLogging    Load Logback Configuration of Nacos fail, message: Could not initialize Logback Nacos logging from classpath:nacos-logback.xml
[userservice:192.168.31.96:9900] 2025-03-02 02:46:57.661 INFO 77133 [-] [main] fund.paul.user.RedissonTest              The following 1 profile is active: "dev"
[userservice:192.168.31.96:9900] 2025-03-02 02:46:58.073 INFO 77133 [-] [main] .s.d.r.c.RepositoryConfigurationDelegate Multiple Spring Data modules found, entering strict repository configuration mode
[userservice:192.168.31.96:9900] 2025-03-02 02:46:58.073 INFO 77133 [-] [main] .s.d.r.c.RepositoryConfigurationDelegate Bootstrapping Spring Data JPA repositories in DEFAULT mode.
[userservice:192.168.31.96:9900] 2025-03-02 02:46:58.088 INFO 77133 [-] [main] .s.d.r.c.RepositoryConfigurationDelegate Finished Spring Data repository scanning in 8 ms. Found 0 JPA repository interfaces.
[userservice:192.168.31.96:9900] 2025-03-02 02:46:58.100 INFO 77133 [-] [main] .s.d.r.c.RepositoryConfigurationDelegate Multiple Spring Data modules found, entering strict repository configuration mode
[userservice:192.168.31.96:9900] 2025-03-02 02:46:58.101 INFO 77133 [-] [main] .s.d.r.c.RepositoryConfigurationDelegate Bootstrapping Spring Data Redis repositories in DEFAULT mode.
[userservice:192.168.31.96:9900] 2025-03-02 02:46:58.109 INFO 77133 [-] [main] .s.d.r.c.RepositoryConfigurationDelegate Finished Spring Data repository scanning in 2 ms. Found 0 Redis repository interfaces.
[userservice:192.168.31.96:9900] 2025-03-02 02:46:58.235 INFO 77133 [-] [main] o.s.cloud.context.scope.GenericScope     BeanFactory id=593bc4c7-db2c-3485-bc33-108632d411db
[userservice:192.168.31.96:9900] 2025-03-02 02:46:58.521 INFO 77133 [-] [main] com.zaxxer.hikari.HikariDataSource       HikariPool-1 - Starting...
[userservice:192.168.31.96:9900] 2025-03-02 02:46:58.765 INFO 77133 [-] [main] com.zaxxer.hikari.pool.HikariPool        HikariPool-1 - Added connection conn0: url=jdbc:h2:mem:0a5a2c46-fbd5-48fa-ad41-00a9b55adf91 user=SA
[userservice:192.168.31.96:9900] 2025-03-02 02:46:58.766 INFO 77133 [-] [main] com.zaxxer.hikari.HikariDataSource       HikariPool-1 - Start completed.
[userservice:192.168.31.96:9900] 2025-03-02 02:46:58.814 INFO 77133 [-] [main] o.f.c.internal.license.VersionPrinter    Flyway Community Edition 9.22.3 by Redgate
[userservice:192.168.31.96:9900] 2025-03-02 02:46:58.814 INFO 77133 [-] [main] o.f.c.internal.license.VersionPrinter    See release notes here: https://rd.gt/416ObMi
[userservice:192.168.31.96:9900] 2025-03-02 02:46:58.814 INFO 77133 [-] [main] o.f.c.internal.license.VersionPrinter    
[userservice:192.168.31.96:9900] 2025-03-02 02:46:58.857 INFO 77133 [-] [main] org.flywaydb.core.FlywayExecutor         Database: jdbc:h2:mem:0a5a2c46-fbd5-48fa-ad41-00a9b55adf91 (H2 2.2)
[userservice:192.168.31.96:9900] 2025-03-02 02:46:58.860 WARN 77133 [-] [main] o.f.c.internal.database.base.Database    Flyway upgrade recommended: H2 2.2.224 is newer than this version of Flyway and support has not been tested. The latest supported version of H2 is 2.2.220.
[userservice:192.168.31.96:9900] 2025-03-02 02:46:58.874 WARN 77133 [-] [main] o.s.w.c.s.GenericWebApplicationContext   Exception encountered during context initialization - cancelling refresh attempt: org.springframework.beans.factory.BeanCreationException: Error creating bean with name 'flywayInitializer' defined in class path resource [org/springframework/boot/autoconfigure/flyway/FlywayAutoConfiguration$FlywayConfiguration.class]: Found more than one migration with version 1.0.0
Offenders:
-> /Users/paul/Study/OneThing/common/user/user-service/target/classes/db/migration/V1.0.0__init_schema.sql (SQL)
-> /Users/paul/Study/OneThing/common/user/user-service/target/test-classes/db/migration/V1.0.0__init_schema.sql (SQL)
[userservice:192.168.31.96:9900] 2025-03-02 02:46:58.874 INFO 77133 [-] [main] com.zaxxer.hikari.HikariDataSource       HikariPool-1 - Shutdown initiated...
[userservice:192.168.31.96:9900] 2025-03-02 02:46:58.885 INFO 77133 [-] [main] com.zaxxer.hikari.HikariDataSource       HikariPool-1 - Shutdown completed.
[userservice:192.168.31.96:9900] 2025-03-02 02:46:58.892 INFO 77133 [-] [main] .s.b.a.l.ConditionEvaluationReportLogger 

Error starting ApplicationContext. To display the condition evaluation report re-run your application with 'debug' enabled.
[userservice:192.168.31.96:9900] 2025-03-02 02:46:58.901 ERROR 77133 [-] [main] o.s.boot.SpringApplication               Application run failed

org.springframework.beans.factory.BeanCreationException: Error creating bean with name 'flywayInitializer' defined in class path resource [org/springframework/boot/autoconfigure/flyway/FlywayAutoConfiguration$FlywayConfiguration.class]: Found more than one migration with version 1.0.0
Offenders:
-> /Users/paul/Study/OneThing/common/user/user-service/target/classes/db/migration/V1.0.0__init_schema.sql (SQL)
-> /Users/paul/Study/OneThing/common/user/user-service/target/test-classes/db/migration/V1.0.0__init_schema.sql (SQL)
	at org.springframework.beans.factory.support.AbstractAutowireCapableBeanFactory.initializeBean(AbstractAutowireCapableBeanFactory.java:1773)
	at org.springframework.beans.factory.support.AbstractAutowireCapableBeanFactory.doCreateBean(AbstractAutowireCapableBeanFactory.java:599)
	at org.springframework.beans.factory.support.AbstractAutowireCapableBeanFactory.createBean(AbstractAutowireCapableBeanFactory.java:521)
	at org.springframework.beans.factory.support.AbstractBeanFactory.lambda$doGetBean$0(AbstractBeanFactory.java:325)
	at org.springframework.beans.factory.support.DefaultSingletonBeanRegistry.getSingleton(DefaultSingletonBeanRegistry.java:234)
	at org.springframework.beans.factory.support.AbstractBeanFactory.doGetBean(AbstractBeanFactory.java:323)
	at org.springframework.beans.factory.support.AbstractBeanFactory.getBean(AbstractBeanFactory.java:199)
	at org.springframework.beans.factory.support.AbstractBeanFactory.doGetBean(AbstractBeanFactory.java:312)
	at org.springframework.beans.factory.support.AbstractBeanFactory.getBean(AbstractBeanFactory.java:199)
	at org.springframework.context.support.AbstractApplicationContext.getBean(AbstractApplicationContext.java:1231)
	at org.springframework.context.support.AbstractApplicationContext.finishBeanFactoryInitialization(AbstractApplicationContext.java:949)
	at org.springframework.context.support.AbstractApplicationContext.refresh(AbstractApplicationContext.java:624)
	at org.springframework.boot.SpringApplication.refresh(SpringApplication.java:754)
	at org.springframework.boot.SpringApplication.refreshContext(SpringApplication.java:456)
	at org.springframework.boot.SpringApplication.run(SpringApplication.java:334)
	at org.springframework.boot.test.context.SpringBootContextLoader.lambda$loadContext$3(SpringBootContextLoader.java:137)
	at org.springframework.util.function.ThrowingSupplier.get(ThrowingSupplier.java:58)
	at org.springframework.util.function.ThrowingSupplier.get(ThrowingSupplier.java:46)
	at org.springframework.boot.SpringApplication.withHook(SpringApplication.java:1454)
	at org.springframework.boot.test.context.SpringBootContextLoader$ContextLoaderHook.run(SpringBootContextLoader.java:552)
	at org.springframework.boot.test.context.SpringBootContextLoader.loadContext(SpringBootContextLoader.java:137)
	at org.springframework.boot.test.context.SpringBootContextLoader.loadContext(SpringBootContextLoader.java:108)
	at org.springframework.test.context.cache.DefaultCacheAwareContextLoaderDelegate.loadContextInternal(DefaultCacheAwareContextLoaderDelegate.java:225)
	at org.springframework.test.context.cache.DefaultCacheAwareContextLoaderDelegate.loadContext(DefaultCacheAwareContextLoaderDelegate.java:152)
	at org.springframework.test.context.support.DefaultTestContext.getApplicationContext(DefaultTestContext.java:130)
	at org.springframework.test.context.web.ServletTestExecutionListener.setUpRequestContextIfNecessary(ServletTestExecutionListener.java:191)
	at org.springframework.test.context.web.ServletTestExecutionListener.prepareTestInstance(ServletTestExecutionListener.java:130)
	at org.springframework.test.context.TestContextManager.prepareTestInstance(TestContextManager.java:260)
	at org.springframework.test.context.junit.jupiter.SpringExtension.postProcessTestInstance(SpringExtension.java:163)
	at org.junit.jupiter.engine.descriptor.ClassBasedTestDescriptor.lambda$invokeTestInstancePostProcessors$10(ClassBasedTestDescriptor.java:378)
	at org.junit.jupiter.engine.descriptor.ClassBasedTestDescriptor.executeAndMaskThrowable(ClassBasedTestDescriptor.java:383)
	at org.junit.jupiter.engine.descriptor.ClassBasedTestDescriptor.lambda$invokeTestInstancePostProcessors$11(ClassBasedTestDescriptor.java:378)
	at java.base/java.util.stream.ReferencePipeline$3$1.accept(ReferencePipeline.java:197)
	at java.base/java.util.stream.ReferencePipeline$2$1.accept(ReferencePipeline.java:179)
	at java.base/java.util.ArrayList$ArrayListSpliterator.forEachRemaining(ArrayList.java:1708)
	at java.base/java.util.stream.AbstractPipeline.copyInto(AbstractPipeline.java:509)
	at java.base/java.util.stream.AbstractPipeline.wrapAndCopyInto(AbstractPipeline.java:499)
	at java.base/java.util.stream.StreamSpliterators$WrappingSpliterator.forEachRemaining(StreamSpliterators.java:310)
	at java.base/java.util.stream.Streams$ConcatSpliterator.forEachRemaining(Streams.java:735)
	at java.base/java.util.stream.Streams$ConcatSpliterator.forEachRemaining(Streams.java:734)
	at java.base/java.util.stream.ReferencePipeline$Head.forEach(ReferencePipeline.java:762)
	at org.junit.jupiter.engine.descriptor.ClassBasedTestDescriptor.invokeTestInstancePostProcessors(ClassBasedTestDescriptor.java:377)
	at org.junit.jupiter.engine.descriptor.ClassBasedTestDescriptor.lambda$instantiateAndPostProcessTestInstance$6(ClassBasedTestDescriptor.java:290)
	at org.junit.platform.engine.support.hierarchical.ThrowableCollector.execute(ThrowableCollector.java:73)
	at org.junit.jupiter.engine.descriptor.ClassBasedTestDescriptor.instantiateAndPostProcessTestInstance(ClassBasedTestDescriptor.java:289)
	at org.junit.jupiter.engine.descriptor.ClassBasedTestDescriptor.lambda$testInstancesProvider$4(ClassBasedTestDescriptor.java:279)
	at java.base/java.util.Optional.orElseGet(Optional.java:364)
	at org.junit.jupiter.engine.descriptor.ClassBasedTestDescriptor.lambda$testInstancesProvider$5(ClassBasedTestDescriptor.java:278)
	at org.junit.jupiter.engine.execution.TestInstancesProvider.getTestInstances(TestInstancesProvider.java:31)
	at org.junit.jupiter.engine.descriptor.TestMethodTestDescriptor.lambda$prepare$0(TestMethodTestDescriptor.java:106)
	at org.junit.platform.engine.support.hierarchical.ThrowableCollector.execute(ThrowableCollector.java:73)
	at org.junit.jupiter.engine.descriptor.TestMethodTestDescriptor.prepare(TestMethodTestDescriptor.java:105)
	at org.junit.jupiter.engine.descriptor.TestMethodTestDescriptor.prepare(TestMethodTestDescriptor.java:69)
	at org.junit.platform.engine.support.hierarchical.NodeTestTask.lambda$prepare$2(NodeTestTask.java:123)
	at org.junit.platform.engine.support.hierarchical.ThrowableCollector.execute(ThrowableCollector.java:73)
	at org.junit.platform.engine.support.hierarchical.NodeTestTask.prepare(NodeTestTask.java:123)
	at org.junit.platform.engine.support.hierarchical.NodeTestTask.execute(NodeTestTask.java:90)
	at java.base/java.util.ArrayList.forEach(ArrayList.java:1596)
	at org.junit.platform.engine.support.hierarchical.SameThreadHierarchicalTestExecutorService.invokeAll(SameThreadHierarchicalTestExecutorService.java:41)
	at org.junit.platform.engine.support.hierarchical.NodeTestTask.lambda$executeRecursively$6(NodeTestTask.java:155)
	at org.junit.platform.engine.support.hierarchical.ThrowableCollector.execute(ThrowableCollector.java:73)
	at org.junit.platform.engine.support.hierarchical.NodeTestTask.lambda$executeRecursively$8(NodeTestTask.java:141)
	at org.junit.platform.engine.support.hierarchical.Node.around(Node.java:137)
	at org.junit.platform.engine.support.hierarchical.NodeTestTask.lambda$executeRecursively$9(NodeTestTask.java:139)
	at org.junit.platform.engine.support.hierarchical.ThrowableCollector.execute(ThrowableCollector.java:73)
	at org.junit.platform.engine.support.hierarchical.NodeTestTask.executeRecursively(NodeTestTask.java:138)
	at org.junit.platform.engine.support.hierarchical.NodeTestTask.execute(NodeTestTask.java:95)
	at java.base/java.util.ArrayList.forEach(ArrayList.java:1596)
	at org.junit.platform.engine.support.hierarchical.SameThreadHierarchicalTestExecutorService.invokeAll(SameThreadHierarchicalTestExecutorService.java:41)
	at org.junit.platform.engine.support.hierarchical.NodeTestTask.lambda$executeRecursively$6(NodeTestTask.java:155)
	at org.junit.platform.engine.support.hierarchical.ThrowableCollector.execute(ThrowableCollector.java:73)
	at org.junit.platform.engine.support.hierarchical.NodeTestTask.lambda$executeRecursively$8(NodeTestTask.java:141)
	at org.junit.platform.engine.support.hierarchical.Node.around(Node.java:137)
	at org.junit.platform.engine.support.hierarchical.NodeTestTask.lambda$executeRecursively$9(NodeTestTask.java:139)
	at org.junit.platform.engine.support.hierarchical.ThrowableCollector.execute(ThrowableCollector.java:73)
	at org.junit.platform.engine.support.hierarchical.NodeTestTask.executeRecursively(NodeTestTask.java:138)
	at org.junit.platform.engine.support.hierarchical.NodeTestTask.execute(NodeTestTask.java:95)
	at org.junit.platform.engine.support.hierarchical.SameThreadHierarchicalTestExecutorService.submit(SameThreadHierarchicalTestExecutorService.java:35)
	at org.junit.platform.engine.support.hierarchical.HierarchicalTestExecutor.execute(HierarchicalTestExecutor.java:57)
	at org.junit.platform.engine.support.hierarchical.HierarchicalTestEngine.execute(HierarchicalTestEngine.java:54)
	at org.junit.platform.launcher.core.EngineExecutionOrchestrator.execute(EngineExecutionOrchestrator.java:198)
	at org.junit.platform.launcher.core.EngineExecutionOrchestrator.execute(EngineExecutionOrchestrator.java:169)
	at org.junit.platform.launcher.core.EngineExecutionOrchestrator.execute(EngineExecutionOrchestrator.java:93)
	at org.junit.platform.launcher.core.EngineExecutionOrchestrator.lambda$execute$0(EngineExecutionOrchestrator.java:58)
	at org.junit.platform.launcher.core.EngineExecutionOrchestrator.withInterceptedStreams(EngineExecutionOrchestrator.java:141)
	at org.junit.platform.launcher.core.EngineExecutionOrchestrator.execute(EngineExecutionOrchestrator.java:57)
	at org.junit.platform.launcher.core.DefaultLauncher.execute(DefaultLauncher.java:103)
	at org.junit.platform.launcher.core.DefaultLauncher.execute(DefaultLauncher.java:85)
	at org.junit.platform.launcher.core.DelegatingLauncher.execute(DelegatingLauncher.java:47)
	at org.junit.platform.launcher.core.SessionPerRequestLauncher.execute(SessionPerRequestLauncher.java:63)
	at com.intellij.junit5.JUnit5IdeaTestRunner.startRunnerWithArgs(JUnit5IdeaTestRunner.java:57)
	at com.intellij.rt.junit.IdeaTestRunner$Repeater$1.execute(IdeaTestRunner.java:38)
	at com.intellij.rt.execution.junit.TestsRepeater.repeat(TestsRepeater.java:11)
	at com.intellij.rt.junit.IdeaTestRunner$Repeater.startRunnerWithArgs(IdeaTestRunner.java:35)
	at com.intellij.rt.junit.JUnitStarter.prepareStreamsAndStart(JUnitStarter.java:232)
	at com.intellij.rt.junit.JUnitStarter.main(JUnitStarter.java:55)
Caused by: org.flywaydb.core.api.FlywayException: Found more than one migration with version 1.0.0
Offenders:
-> /Users/paul/Study/OneThing/common/user/user-service/target/classes/db/migration/V1.0.0__init_schema.sql (SQL)
-> /Users/paul/Study/OneThing/common/user/user-service/target/test-classes/db/migration/V1.0.0__init_schema.sql (SQL)
	at org.flywaydb.core.internal.resolver.CompositeMigrationResolver.checkForIncompatibilities(CompositeMigrationResolver.java:87)
	at org.flywaydb.core.internal.resolver.CompositeMigrationResolver.doFindAvailableMigrations(CompositeMigrationResolver.java:120)
	at org.flywaydb.core.internal.resolver.CompositeMigrationResolver.resolveMigrations(CompositeMigrationResolver.java:107)
	at org.flywaydb.core.internal.resolver.CompositeMigrationResolver.resolveMigrations(CompositeMigrationResolver.java:113)
	at org.flywaydb.core.internal.info.MigrationInfoServiceImpl.refresh(MigrationInfoServiceImpl.java:79)
	at org.flywaydb.core.internal.command.DbValidate.lambda$validate$0(DbValidate.java:108)
	at org.flywaydb.core.internal.jdbc.TransactionalExecutionTemplate.execute(TransactionalExecutionTemplate.java:55)
	at org.flywaydb.core.internal.command.DbValidate.validate(DbValidate.java:101)
	at org.flywaydb.core.Flyway.doValidate(Flyway.java:400)
	at org.flywaydb.core.Flyway.lambda$migrate$0(Flyway.java:144)
	at org.flywaydb.core.FlywayExecutor.execute(FlywayExecutor.java:213)
	at org.flywaydb.core.Flyway.migrate(Flyway.java:140)
	at org.springframework.boot.autoconfigure.flyway.FlywayMigrationInitializer.afterPropertiesSet(FlywayMigrationInitializer.java:66)
	at org.springframework.beans.factory.support.AbstractAutowireCapableBeanFactory.invokeInitMethods(AbstractAutowireCapableBeanFactory.java:1820)
	at org.springframework.beans.factory.support.AbstractAutowireCapableBeanFactory.initializeBean(AbstractAutowireCapableBeanFactory.java:1769)
	... 95 common frames omitted

[userservice:192.168.31.96:9900] 2025-03-02 02:46:58.905 WARN 77133 [-] [main] o.s.test.context.TestContextManager      Caught exception while allowing TestExecutionListener [org.springframework.test.context.web.ServletTestExecutionListener] to prepare test instance [fund.paul.user.RedissonTest@2fc435e9]

java.lang.IllegalStateException: Failed to load ApplicationContext for [WebMergedContextConfiguration@6ad7a305 testClass = fund.paul.user.RedissonTest, locations = [], classes = [fund.paul.user.UserApplication], contextInitializerClasses = [], activeProfiles = [], propertySourceDescriptors = [], propertySourceProperties = ["org.springframework.boot.test.context.SpringBootTestContextBootstrapper=true"], contextCustomizers = [org.springframework.boot.test.context.filter.ExcludeFilterContextCustomizer@6fa51cd4, org.springframework.boot.test.json.DuplicateJsonObjectContextCustomizerFactory$DuplicateJsonObjectContextCustomizer@cecf639, org.springframework.boot.test.mock.mockito.MockitoContextCustomizer@0, org.springframework.boot.test.web.client.TestRestTemplateContextCustomizer@6be968ce, org.springframework.boot.test.autoconfigure.actuate.observability.ObservabilityContextCustomizerFactory$DisableObservabilityContextCustomizer@1f, org.springframework.boot.test.autoconfigure.properties.PropertyMappingContextCustomizer@0, org.springframework.boot.test.autoconfigure.web.servlet.WebDriverContextCustomizer@71075444, org.springframework.boot.test.context.SpringBootTestAnnotation@93e25b70], resourceBasePath = "src/main/webapp", contextLoader = org.springframework.boot.test.context.SpringBootContextLoader, parent = null]
	at org.springframework.test.context.cache.DefaultCacheAwareContextLoaderDelegate.loadContext(DefaultCacheAwareContextLoaderDelegate.java:180)
	at org.springframework.test.context.support.DefaultTestContext.getApplicationContext(DefaultTestContext.java:130)
	at org.springframework.test.context.web.ServletTestExecutionListener.setUpRequestContextIfNecessary(ServletTestExecutionListener.java:191)
	at org.springframework.test.context.web.ServletTestExecutionListener.prepareTestInstance(ServletTestExecutionListener.java:130)
	at org.springframework.test.context.TestContextManager.prepareTestInstance(TestContextManager.java:260)
	at org.springframework.test.context.junit.jupiter.SpringExtension.postProcessTestInstance(SpringExtension.java:163)
	at org.junit.jupiter.engine.descriptor.ClassBasedTestDescriptor.lambda$invokeTestInstancePostProcessors$10(ClassBasedTestDescriptor.java:378)
	at org.junit.jupiter.engine.descriptor.ClassBasedTestDescriptor.executeAndMaskThrowable(ClassBasedTestDescriptor.java:383)
	at org.junit.jupiter.engine.descriptor.ClassBasedTestDescriptor.lambda$invokeTestInstancePostProcessors$11(ClassBasedTestDescriptor.java:378)
	at java.base/java.util.stream.ReferencePipeline$3$1.accept(ReferencePipeline.java:197)
	at java.base/java.util.stream.ReferencePipeline$2$1.accept(ReferencePipeline.java:179)
	at java.base/java.util.ArrayList$ArrayListSpliterator.forEachRemaining(ArrayList.java:1708)
	at java.base/java.util.stream.AbstractPipeline.copyInto(AbstractPipeline.java:509)
	at java.base/java.util.stream.AbstractPipeline.wrapAndCopyInto(AbstractPipeline.java:499)
	at java.base/java.util.stream.StreamSpliterators$WrappingSpliterator.forEachRemaining(StreamSpliterators.java:310)
	at java.base/java.util.stream.Streams$ConcatSpliterator.forEachRemaining(Streams.java:735)
	at java.base/java.util.stream.Streams$ConcatSpliterator.forEachRemaining(Streams.java:734)
	at java.base/java.util.stream.ReferencePipeline$Head.forEach(ReferencePipeline.java:762)
	at org.junit.jupiter.engine.descriptor.ClassBasedTestDescriptor.invokeTestInstancePostProcessors(ClassBasedTestDescriptor.java:377)
	at org.junit.jupiter.engine.descriptor.ClassBasedTestDescriptor.lambda$instantiateAndPostProcessTestInstance$6(ClassBasedTestDescriptor.java:290)
	at org.junit.platform.engine.support.hierarchical.ThrowableCollector.execute(ThrowableCollector.java:73)
	at org.junit.jupiter.engine.descriptor.ClassBasedTestDescriptor.instantiateAndPostProcessTestInstance(ClassBasedTestDescriptor.java:289)
	at org.junit.jupiter.engine.descriptor.ClassBasedTestDescriptor.lambda$testInstancesProvider$4(ClassBasedTestDescriptor.java:279)
	at java.base/java.util.Optional.orElseGet(Optional.java:364)
	at org.junit.jupiter.engine.descriptor.ClassBasedTestDescriptor.lambda$testInstancesProvider$5(ClassBasedTestDescriptor.java:278)
	at org.junit.jupiter.engine.execution.TestInstancesProvider.getTestInstances(TestInstancesProvider.java:31)
	at org.junit.jupiter.engine.descriptor.TestMethodTestDescriptor.lambda$prepare$0(TestMethodTestDescriptor.java:106)
	at org.junit.platform.engine.support.hierarchical.ThrowableCollector.execute(ThrowableCollector.java:73)
	at org.junit.jupiter.engine.descriptor.TestMethodTestDescriptor.prepare(TestMethodTestDescriptor.java:105)
	at org.junit.jupiter.engine.descriptor.TestMethodTestDescriptor.prepare(TestMethodTestDescriptor.java:69)
	at org.junit.platform.engine.support.hierarchical.NodeTestTask.lambda$prepare$2(NodeTestTask.java:123)
	at org.junit.platform.engine.support.hierarchical.ThrowableCollector.execute(ThrowableCollector.java:73)
	at org.junit.platform.engine.support.hierarchical.NodeTestTask.prepare(NodeTestTask.java:123)
	at org.junit.platform.engine.support.hierarchical.NodeTestTask.execute(NodeTestTask.java:90)
	at java.base/java.util.ArrayList.forEach(ArrayList.java:1596)
	at org.junit.platform.engine.support.hierarchical.SameThreadHierarchicalTestExecutorService.invokeAll(SameThreadHierarchicalTestExecutorService.java:41)
	at org.junit.platform.engine.support.hierarchical.NodeTestTask.lambda$executeRecursively$6(NodeTestTask.java:155)
	at org.junit.platform.engine.support.hierarchical.ThrowableCollector.execute(ThrowableCollector.java:73)
	at org.junit.platform.engine.support.hierarchical.NodeTestTask.lambda$executeRecursively$8(NodeTestTask.java:141)
	at org.junit.platform.engine.support.hierarchical.Node.around(Node.java:137)
	at org.junit.platform.engine.support.hierarchical.NodeTestTask.lambda$executeRecursively$9(NodeTestTask.java:139)
	at org.junit.platform.engine.support.hierarchical.ThrowableCollector.execute(ThrowableCollector.java:73)
	at org.junit.platform.engine.support.hierarchical.NodeTestTask.executeRecursively(NodeTestTask.java:138)
	at org.junit.platform.engine.support.hierarchical.NodeTestTask.execute(NodeTestTask.java:95)
	at java.base/java.util.ArrayList.forEach(ArrayList.java:1596)
	at org.junit.platform.engine.support.hierarchical.SameThreadHierarchicalTestExecutorService.invokeAll(SameThreadHierarchicalTestExecutorService.java:41)
	at org.junit.platform.engine.support.hierarchical.NodeTestTask.lambda$executeRecursively$6(NodeTestTask.java:155)
	at org.junit.platform.engine.support.hierarchical.ThrowableCollector.execute(ThrowableCollector.java:73)
	at org.junit.platform.engine.support.hierarchical.NodeTestTask.lambda$executeRecursively$8(NodeTestTask.java:141)
	at org.junit.platform.engine.support.hierarchical.Node.around(Node.java:137)
	at org.junit.platform.engine.support.hierarchical.NodeTestTask.lambda$executeRecursively$9(NodeTestTask.java:139)
	at org.junit.platform.engine.support.hierarchical.ThrowableCollector.execute(ThrowableCollector.java:73)
	at org.junit.platform.engine.support.hierarchical.NodeTestTask.executeRecursively(NodeTestTask.java:138)
	at org.junit.platform.engine.support.hierarchical.NodeTestTask.execute(NodeTestTask.java:95)
	at org.junit.platform.engine.support.hierarchical.SameThreadHierarchicalTestExecutorService.submit(SameThreadHierarchicalTestExecutorService.java:35)
	at org.junit.platform.engine.support.hierarchical.HierarchicalTestExecutor.execute(HierarchicalTestExecutor.java:57)
	at org.junit.platform.engine.support.hierarchical.HierarchicalTestEngine.execute(HierarchicalTestEngine.java:54)
	at org.junit.platform.launcher.core.EngineExecutionOrchestrator.execute(EngineExecutionOrchestrator.java:198)
	at org.junit.platform.launcher.core.EngineExecutionOrchestrator.execute(EngineExecutionOrchestrator.java:169)
	at org.junit.platform.launcher.core.EngineExecutionOrchestrator.execute(EngineExecutionOrchestrator.java:93)
	at org.junit.platform.launcher.core.EngineExecutionOrchestrator.lambda$execute$0(EngineExecutionOrchestrator.java:58)
	at org.junit.platform.launcher.core.EngineExecutionOrchestrator.withInterceptedStreams(EngineExecutionOrchestrator.java:141)
	at org.junit.platform.launcher.core.EngineExecutionOrchestrator.execute(EngineExecutionOrchestrator.java:57)
	at org.junit.platform.launcher.core.DefaultLauncher.execute(DefaultLauncher.java:103)
	at org.junit.platform.launcher.core.DefaultLauncher.execute(DefaultLauncher.java:85)
	at org.junit.platform.launcher.core.DelegatingLauncher.execute(DelegatingLauncher.java:47)
	at org.junit.platform.launcher.core.SessionPerRequestLauncher.execute(SessionPerRequestLauncher.java:63)
	at com.intellij.junit5.JUnit5IdeaTestRunner.startRunnerWithArgs(JUnit5IdeaTestRunner.java:57)
	at com.intellij.rt.junit.IdeaTestRunner$Repeater$1.execute(IdeaTestRunner.java:38)
	at com.intellij.rt.execution.junit.TestsRepeater.repeat(TestsRepeater.java:11)
	at com.intellij.rt.junit.IdeaTestRunner$Repeater.startRunnerWithArgs(IdeaTestRunner.java:35)
	at com.intellij.rt.junit.JUnitStarter.prepareStreamsAndStart(JUnitStarter.java:232)
	at com.intellij.rt.junit.JUnitStarter.main(JUnitStarter.java:55)
Caused by: org.springframework.beans.factory.BeanCreationException: Error creating bean with name 'flywayInitializer' defined in class path resource [org/springframework/boot/autoconfigure/flyway/FlywayAutoConfiguration$FlywayConfiguration.class]: Found more than one migration with version 1.0.0
Offenders:
-> /Users/paul/Study/OneThing/common/user/user-service/target/classes/db/migration/V1.0.0__init_schema.sql (SQL)
-> /Users/paul/Study/OneThing/common/user/user-service/target/test-classes/db/migration/V1.0.0__init_schema.sql (SQL)
	at org.springframework.beans.factory.support.AbstractAutowireCapableBeanFactory.initializeBean(AbstractAutowireCapableBeanFactory.java:1773)
	at org.springframework.beans.factory.support.AbstractAutowireCapableBeanFactory.doCreateBean(AbstractAutowireCapableBeanFactory.java:599)
	at org.springframework.beans.factory.support.AbstractAutowireCapableBeanFactory.createBean(AbstractAutowireCapableBeanFactory.java:521)
	at org.springframework.beans.factory.support.AbstractBeanFactory.lambda$doGetBean$0(AbstractBeanFactory.java:325)
	at org.springframework.beans.factory.support.DefaultSingletonBeanRegistry.getSingleton(DefaultSingletonBeanRegistry.java:234)
	at org.springframework.beans.factory.support.AbstractBeanFactory.doGetBean(AbstractBeanFactory.java:323)
	at org.springframework.beans.factory.support.AbstractBeanFactory.getBean(AbstractBeanFactory.java:199)
	at org.springframework.beans.factory.support.AbstractBeanFactory.doGetBean(AbstractBeanFactory.java:312)
	at org.springframework.beans.factory.support.AbstractBeanFactory.getBean(AbstractBeanFactory.java:199)
	at org.springframework.context.support.AbstractApplicationContext.getBean(AbstractApplicationContext.java:1231)
	at org.springframework.context.support.AbstractApplicationContext.finishBeanFactoryInitialization(AbstractApplicationContext.java:949)
	at org.springframework.context.support.AbstractApplicationContext.refresh(AbstractApplicationContext.java:624)
	at org.springframework.boot.SpringApplication.refresh(SpringApplication.java:754)
	at org.springframework.boot.SpringApplication.refreshContext(SpringApplication.java:456)
	at org.springframework.boot.SpringApplication.run(SpringApplication.java:334)
	at org.springframework.boot.test.context.SpringBootContextLoader.lambda$loadContext$3(SpringBootContextLoader.java:137)
	at org.springframework.util.function.ThrowingSupplier.get(ThrowingSupplier.java:58)
	at org.springframework.util.function.ThrowingSupplier.get(ThrowingSupplier.java:46)
	at org.springframework.boot.SpringApplication.withHook(SpringApplication.java:1454)
	at org.springframework.boot.test.context.SpringBootContextLoader$ContextLoaderHook.run(SpringBootContextLoader.java:552)
	at org.springframework.boot.test.context.SpringBootContextLoader.loadContext(SpringBootContextLoader.java:137)
	at org.springframework.boot.test.context.SpringBootContextLoader.loadContext(SpringBootContextLoader.java:108)
	at org.springframework.test.context.cache.DefaultCacheAwareContextLoaderDelegate.loadContextInternal(DefaultCacheAwareContextLoaderDelegate.java:225)
	at org.springframework.test.context.cache.DefaultCacheAwareContextLoaderDelegate.loadContext(DefaultCacheAwareContextLoaderDelegate.java:152)
	... 72 common frames omitted
Caused by: org.flywaydb.core.api.FlywayException: Found more than one migration with version 1.0.0
Offenders:
-> /Users/paul/Study/OneThing/common/user/user-service/target/classes/db/migration/V1.0.0__init_schema.sql (SQL)
-> /Users/paul/Study/OneThing/common/user/user-service/target/test-classes/db/migration/V1.0.0__init_schema.sql (SQL)
	at org.flywaydb.core.internal.resolver.CompositeMigrationResolver.checkForIncompatibilities(CompositeMigrationResolver.java:87)
	at org.flywaydb.core.internal.resolver.CompositeMigrationResolver.doFindAvailableMigrations(CompositeMigrationResolver.java:120)
	at org.flywaydb.core.internal.resolver.CompositeMigrationResolver.resolveMigrations(CompositeMigrationResolver.java:107)
	at org.flywaydb.core.internal.resolver.CompositeMigrationResolver.resolveMigrations(CompositeMigrationResolver.java:113)
	at org.flywaydb.core.internal.info.MigrationInfoServiceImpl.refresh(MigrationInfoServiceImpl.java:79)
	at org.flywaydb.core.internal.command.DbValidate.lambda$validate$0(DbValidate.java:108)
	at org.flywaydb.core.internal.jdbc.TransactionalExecutionTemplate.execute(TransactionalExecutionTemplate.java:55)
	at org.flywaydb.core.internal.command.DbValidate.validate(DbValidate.java:101)
	at org.flywaydb.core.Flyway.doValidate(Flyway.java:400)
	at org.flywaydb.core.Flyway.lambda$migrate$0(Flyway.java:144)
	at org.flywaydb.core.FlywayExecutor.execute(FlywayExecutor.java:213)
	at org.flywaydb.core.Flyway.migrate(Flyway.java:140)
	at org.springframework.boot.autoconfigure.flyway.FlywayMigrationInitializer.afterPropertiesSet(FlywayMigrationInitializer.java:66)
	at org.springframework.beans.factory.support.AbstractAutowireCapableBeanFactory.invokeInitMethods(AbstractAutowireCapableBeanFactory.java:1820)
	at org.springframework.beans.factory.support.AbstractAutowireCapableBeanFactory.initializeBean(AbstractAutowireCapableBeanFactory.java:1769)
	... 95 common frames omitted

[userservice:192.168.31.96:9900] 2025-03-02 02:46:58.921 WARN 77133 [-] [Thread-4] c.a.n.common.http.HttpClientBeanHolder   [HttpClientBeanHolder] Start destroying common HttpClient
[userservice:192.168.31.96:9900] 2025-03-02 02:46:58.921 WARN 77133 [-] [Thread-13] c.a.nacos.common.notify.NotifyCenter     [NotifyCenter] Start destroying Publisher
[userservice:192.168.31.96:9900] 2025-03-02 02:46:58.921 WARN 77133 [-] [Thread-13] c.a.nacos.common.notify.NotifyCenter     [NotifyCenter] Destruction of the end
[userservice:192.168.31.96:9900] 2025-03-02 02:46:58.921 WARN 77133 [-] [Thread-4] c.a.n.common.http.HttpClientBeanHolder   [HttpClientBeanHolder] Destruction of the end
